build/app/intermediates/manifest_merge_blame_file/release/manifest-merger-blame-release-report.txt
1<?xml version="1.0" encoding="utf-8"?>
2<manifest xmlns:android="http://schemas.android.com/apk/res/android"
3    package="com.example.myallin1"
4    android:versionCode="4001"
5    android:versionName="1.0.0" >
6
7    <uses-sdk
8        android:minSdkVersion="16"
8-->src/main/AndroidManifest.xml
9        android:targetSdkVersion="31" />
9-->src/main/AndroidManifest.xml
10
11    <uses-permission android:name="android.permission.INTERNET" />
11-->src/main/AndroidManifest.xml:3:4-65
11-->src/main/AndroidManifest.xml:3:21-63
12    <uses-permission android:name="android.permission.WRITE_EXTERNAL_STORAGE" />
12-->src/main/AndroidManifest.xml:4:4-79
12-->src/main/AndroidManifest.xml:4:21-77
13    <uses-permission android:name="android.permission.READ_EXTERNAL_STORAGE" />
13-->src/main/AndroidManifest.xml:5:4-78
13-->src/main/AndroidManifest.xml:5:21-76
14    <uses-permission android:name="android.permission.MANAGE_EXTERNAL_STORAGE" />
14-->src/main/AndroidManifest.xml:6:4-80
14-->src/main/AndroidManifest.xml:6:21-78
15    <uses-permission android:name="android.permission.FOREGROUND_SERVICE" />
15-->src/main/AndroidManifest.xml:7:4-75
15-->src/main/AndroidManifest.xml:7:21-73
16    <uses-permission android:name="android.permission.ACCESS_BACKGROUND_LOCATION" />
16-->src/main/AndroidManifest.xml:8:4-83
16-->src/main/AndroidManifest.xml:8:21-81
17    <uses-permission android:name="android.permission.VIBRATE" />
17-->[:assets_audio_player] AndroidManifest.xml:10:5-66
17-->[:assets_audio_player] AndroidManifest.xml:10:22-63
18    <uses-permission android:name="android.permission.WAKE_LOCK" />
18-->[:assets_audio_player] AndroidManifest.xml:11:5-68
18-->[:assets_audio_player] AndroidManifest.xml:11:22-65
19    <uses-permission android:name="android.permission.READ_PHONE_STATE" />
20    <uses-permission android:name="android.permission.ACCESS_NETWORK_STATE" />
20-->[com.google.android.exoplayer:exoplayer-core:2.18.1] AndroidManifest.xml:24:5-79
20-->[com.google.android.exoplayer:exoplayer-core:2.18.1] AndroidManifest.xml:24:22-76
21
22    <application
23        android:name="android.app.Application"
23-->src/main/AndroidManifest.xml:11:9-42
24        android:appComponentFactory="androidx.core.app.CoreComponentFactory"
24-->[androidx.core:core:1.7.0] AndroidManifest.xml:24:18-86
25        android:icon="@mipmap/launcher_icon"
25-->src/main/AndroidManifest.xml:12:9-45
26        android:label="Philomena" >
26-->src/main/AndroidManifest.xml:10:9-34
27        <activity
27-->src/main/AndroidManifest.xml:13:9-33:20
28            android:name="com.example.myallin1.MainActivity"
28-->src/main/AndroidManifest.xml:14:13-41
29            android:configChanges="orientation|keyboardHidden|keyboard|screenSize|smallestScreenSize|locale|layoutDirection|fontScale|screenLayout|density|uiMode"
29-->src/main/AndroidManifest.xml:18:13-163
30            android:exported="true"
30-->src/main/AndroidManifest.xml:15:13-36
31            android:hardwareAccelerated="true"
31-->src/main/AndroidManifest.xml:19:13-47
32            android:launchMode="singleTop"
32-->src/main/AndroidManifest.xml:16:13-43
33            android:theme="@style/LaunchTheme"
33-->src/main/AndroidManifest.xml:17:13-47
34            android:windowSoftInputMode="adjustResize" >
34-->src/main/AndroidManifest.xml:20:13-55
35
36            <!--
37                 Specifies an Android theme to apply to this Activity as soon as
38                 the Android process has started. This theme is visible to the user
39                 while the Flutter UI initializes. After that, this theme continues
40                 to determine the Window background behind the Flutter UI.
41            -->
42            <meta-data
42-->src/main/AndroidManifest.xml:25:13-28:17
43                android:name="io.flutter.embedding.android.NormalTheme"
43-->src/main/AndroidManifest.xml:26:15-70
44                android:resource="@style/NormalTheme" />
44-->src/main/AndroidManifest.xml:27:15-52
45
46            <intent-filter>
46-->src/main/AndroidManifest.xml:29:13-32:29
47                <action android:name="android.intent.action.MAIN" />
47-->src/main/AndroidManifest.xml:30:17-68
47-->src/main/AndroidManifest.xml:30:25-66
48
49                <category android:name="android.intent.category.LAUNCHER" />
49-->src/main/AndroidManifest.xml:31:17-76
49-->src/main/AndroidManifest.xml:31:27-74
50            </intent-filter>
51        </activity>
52        <!--
53             Don't delete the meta-data below.
54             This is used by the Flutter tool to generate GeneratedPluginRegistrant.java
55        -->
56        <meta-data
56-->src/main/AndroidManifest.xml:36:9-38:33
57            android:name="flutterEmbedding"
57-->src/main/AndroidManifest.xml:37:13-44
58            android:value="2" />
58-->src/main/AndroidManifest.xml:38:13-30
59
60        <activity
60-->[:url_launcher_android] AndroidManifest.xml:10:9-13:74
61            android:name="io.flutter.plugins.urllauncher.WebViewActivity"
61-->[:url_launcher_android] AndroidManifest.xml:11:13-74
62            android:exported="false"
62-->[:url_launcher_android] AndroidManifest.xml:12:13-37
63            android:theme="@android:style/Theme.NoTitleBar.Fullscreen" />
63-->[:url_launcher_android] AndroidManifest.xml:13:13-71
64
65        <receiver
65-->[:assets_audio_player] AndroidManifest.xml:14:9-16:39
66            android:name="com.github.florent37.assets_audio_player.notification.NotificationActionReceiver"
66-->[:assets_audio_player] AndroidManifest.xml:15:13-108
67            android:exported="true" />
67-->[:assets_audio_player] AndroidManifest.xml:16:13-36
68        <receiver
68-->[:assets_audio_player] AndroidManifest.xml:17:9-23:20
69            android:name="com.github.florent37.assets_audio_player.notification.CustomMediaButtonReceiver"
69-->[:assets_audio_player] AndroidManifest.xml:18:13-107
70            android:exported="true" >
70-->[:assets_audio_player] AndroidManifest.xml:19:13-36
71            <intent-filter>
71-->[:assets_audio_player] AndroidManifest.xml:20:13-22:29
72                <action android:name="android.intent.action.MEDIA_BUTTON" />
72-->[:assets_audio_player] AndroidManifest.xml:21:17-77
72-->[:assets_audio_player] AndroidManifest.xml:21:25-74
73            </intent-filter>
74        </receiver>
75
76        <service
76-->[:assets_audio_player] AndroidManifest.xml:25:9-35:19
77            android:name="com.github.florent37.assets_audio_player.notification.NotificationService"
77-->[:assets_audio_player] AndroidManifest.xml:26:13-101
78            android:enabled="true"
78-->[:assets_audio_player] AndroidManifest.xml:27:13-35
79            android:exported="true" >
79-->[:assets_audio_player] AndroidManifest.xml:28:13-36
80
81            <!--
82            <intent-filter>
83                <action android:name="android.intent.action.MEDIA_BUTTON" />
84            </intent-filter>
85            -->
86        </service>
87
88        <uses-library
88-->[androidx.window:window:1.0.0-beta04] AndroidManifest.xml:25:9-27:40
89            android:name="androidx.window.extensions"
89-->[androidx.window:window:1.0.0-beta04] AndroidManifest.xml:26:13-54
90            android:required="false" />
90-->[androidx.window:window:1.0.0-beta04] AndroidManifest.xml:27:13-37
91        <uses-library
91-->[androidx.window:window:1.0.0-beta04] AndroidManifest.xml:28:9-30:40
92            android:name="androidx.window.sidecar"
92-->[androidx.window:window:1.0.0-beta04] AndroidManifest.xml:29:13-51
93            android:required="false" />
93-->[androidx.window:window:1.0.0-beta04] AndroidManifest.xml:30:13-37
94    </application>
95
96</manifest>